This file contains any messages produced by compilers while
running configure, to aid debugging if configure makes a mistake.

It was created by Geiser configure 0.1.1, which was
generated by GNU Autoconf 2.67.  Invocation command line was

  $ ../configure 

## --------- ##
## Platform. ##
## --------- ##

hostname = hathor
uname -m = i686
uname -r = 2.6.35-24-generic
uname -s = Linux
uname -v = #42-Ubuntu SMP Thu Dec 2 01:41:57 UTC 2010

/usr/bin/uname -p = unknown
/bin/uname -X     = unknown

/bin/arch              = unknown
/usr/bin/arch -k       = unknown
/usr/convex/getsysinfo = unknown
/usr/bin/hostinfo      = unknown
/bin/machine           = unknown
/usr/bin/oslevel       = unknown
/bin/universe          = unknown

PATH: /usr/local/sbin
PATH: /usr/local/bin
PATH: /usr/sbin
PATH: /usr/bin
PATH: /sbin
PATH: /bin
PATH: /usr/games


## ----------- ##
## Core tests. ##
## ----------- ##

configure:1735: checking for a BSD-compatible install
configure:1803: result: /usr/bin/install -c
configure:1814: checking whether build environment is sane
configure:1864: result: yes
configure:2005: checking for a thread-safe mkdir -p
configure:2044: result: /bin/mkdir -p
configure:2057: checking for gawk
configure:2087: result: no
configure:2057: checking for mawk
configure:2073: found /usr/bin/mawk
configure:2084: result: mawk
configure:2095: checking whether make sets $(MAKE)
configure:2117: result: yes
configure:2198: checking whether make sets $(MAKE)
configure:2220: result: yes
configure:2233: checking for makeinfo
configure:2261: result: ${SHELL} /home/dave/.emacs.d/geiser/missing --run makeinfo
configure:2277: checking for emacs
configure:2293: found /usr/bin/emacs
configure:2304: result: emacs
configure:2328: checking where .elc files should go
configure:2341: $EMACS -batch -q -eval '(while load-path (princ (concat (car load-path) "\n")) (setq load-path (cdr load-path)))' </dev/null >conftest.out
Loading 00debian-vars...
No /etc/mailname. Reverting to default...
Loading /etc/emacs/site-start.d/50autoconf.el (source)...
Loading /etc/emacs/site-start.d/50cmake-data.el (source)...
Loading /etc/emacs/site-start.d/50dictionaries-common.el (source)...
Loading debian-ispell...
Loading /var/cache/dictionaries-common/emacsen-ispell-default.el (source)...
Loading /var/cache/dictionaries-common/emacsen-ispell-dicts.el (source)...
Loading /etc/emacs/site-start.d/50git-core.el (source)...
Loading /etc/emacs/site-start.d/50psvn.el (source)...
Loading /etc/emacs/site-start.d/50scsh.el (source)...
Loading /etc/emacs/site-start.d/50yasnippet.el (source)...
configure:2344: $? = 0
configure:2357: result: ${datarootdir}/emacs/site-lisp
configure:2509: creating ./config.status

## ---------------------- ##
## Running config.status. ##
## ---------------------- ##

This file was extended by Geiser config.status 0.1.1, which was
generated by GNU Autoconf 2.67.  Invocation command line was

  CONFIG_FILES    = 
  CONFIG_HEADERS  = 
  CONFIG_LINKS    = 
  CONFIG_COMMANDS = 
  $ ./config.status 

on hathor

config.status:756: creating Makefile
config.status:756: creating elisp/Makefile
config.status:756: creating elisp/geiser-version.el
config.status:756: creating elisp/geiser-load.el
config.status:756: creating scheme/Makefile
config.status:756: creating bin/Makefile
config.status:756: creating doc/Makefile

## ---------------- ##
## Cache variables. ##
## ---------------- ##

ac_cv_env_EMACSLOADPATH_set=
ac_cv_env_EMACSLOADPATH_value=
ac_cv_env_EMACS_set=
ac_cv_env_EMACS_value=
ac_cv_env_build_alias_set=
ac_cv_env_build_alias_value=
ac_cv_env_host_alias_set=
ac_cv_env_host_alias_value=
ac_cv_env_target_alias_set=
ac_cv_env_target_alias_value=
ac_cv_path_install='/usr/bin/install -c'
ac_cv_path_mkdir=/bin/mkdir
ac_cv_prog_AWK=mawk
ac_cv_prog_EMACS=emacs
ac_cv_prog_MAKEINFO='${SHELL} /home/dave/.emacs.d/geiser/missing --run makeinfo'
ac_cv_prog_make_make_set=yes
am_cv_lispdir='${datarootdir}/emacs/site-lisp'

## ----------------- ##
## Output variables. ##
## ----------------- ##

ACLOCAL='${SHELL} /home/dave/.emacs.d/geiser/missing --run aclocal-1.11'
AMTAR='${SHELL} /home/dave/.emacs.d/geiser/missing --run tar'
AUTOCONF='${SHELL} /home/dave/.emacs.d/geiser/missing --run autoconf'
AUTOHEADER='${SHELL} /home/dave/.emacs.d/geiser/missing --run autoheader'
AUTOMAKE='${SHELL} /home/dave/.emacs.d/geiser/missing --run automake-1.11'
AWK='mawk'
CYGPATH_W='echo'
DEFS='-DPACKAGE_NAME=\"Geiser\" -DPACKAGE_TARNAME=\"geiser\" -DPACKAGE_VERSION=\"0.1.1\" -DPACKAGE_STRING=\"Geiser\ 0.1.1\" -DPACKAGE_BUGREPORT=\"geiser-users@nongnu.org\" -DPACKAGE_URL=\"\" -DPACKAGE=\"geiser\" -DVERSION=\"0.1.1\"'
ECHO_C=''
ECHO_N='-n'
ECHO_T=''
EMACS='emacs'
EMACSLOADPATH=''
INSTALL_DATA='${INSTALL} -m 644'
INSTALL_PROGRAM='${INSTALL}'
INSTALL_SCRIPT='${INSTALL}'
INSTALL_STRIP_PROGRAM='$(install_sh) -c -s'
LIBOBJS=''
LIBS=''
LTLIBOBJS=''
MAKEINFO='${SHELL} /home/dave/.emacs.d/geiser/missing --run makeinfo'
MKDIR_P='/bin/mkdir -p'
PACKAGE='geiser'
PACKAGE_BUGREPORT='geiser-users@nongnu.org'
PACKAGE_NAME='Geiser'
PACKAGE_STRING='Geiser 0.1.1'
PACKAGE_TARNAME='geiser'
PACKAGE_URL=''
PACKAGE_VERSION='0.1.1'
PATH_SEPARATOR=':'
SET_MAKE=''
SHELL='/bin/bash'
STRIP=''
VERSION='0.1.1'
am__isrc=' -I$(srcdir)'
am__leading_dot='.'
am__tar='${AMTAR} chof - "$$tardir"'
am__untar='${AMTAR} xf -'
bindir='${exec_prefix}/bin'
build_alias=''
datadir='${datarootdir}'
datarootdir='${prefix}/share'
docdir='${datarootdir}/doc/${PACKAGE_TARNAME}'
dvidir='${docdir}'
exec_prefix='${prefix}'
host_alias=''
htmldir='${docdir}'
includedir='${prefix}/include'
infodir='${datarootdir}/info'
install_sh='${SHELL} /home/dave/.emacs.d/geiser/install-sh'
libdir='${exec_prefix}/lib'
libexecdir='${exec_prefix}/libexec'
lispdir='${datarootdir}/emacs/site-lisp'
localedir='${datarootdir}/locale'
localstatedir='${prefix}/var'
mandir='${datarootdir}/man'
mkdir_p='/bin/mkdir -p'
oldincludedir='/usr/include'
pdfdir='${docdir}'
prefix='/usr/local'
program_transform_name='s,x,x,'
psdir='${docdir}'
sbindir='${exec_prefix}/sbin'
sharedstatedir='${prefix}/com'
sysconfdir='${prefix}/etc'
target_alias=''

## ----------- ##
## confdefs.h. ##
## ----------- ##

/* confdefs.h */
#define PACKAGE_NAME "Geiser"
#define PACKAGE_TARNAME "geiser"
#define PACKAGE_VERSION "0.1.1"
#define PACKAGE_STRING "Geiser 0.1.1"
#define PACKAGE_BUGREPORT "geiser-users@nongnu.org"
#define PACKAGE_URL ""
#define PACKAGE "geiser"
#define VERSION "0.1.1"

configure: exit 0
